-------------------------------------------------------------------------------
Test set: Wikipedia Search Functionality and verifications
-------------------------------------------------------------------------------
Tests run: 9, Failures: 0, Errors: 8, Skipped: 0, Time elapsed: 30.597 s <<< FAILURE! - in Wikipedia Search Functionality and verifications
Wikipedia Search Functionality and verifications.Wikipedia Search Functionality Title Verification #2  Time elapsed: 3.262 s  <<< ERROR!
io.cucumber.junit.UndefinedStepException: 
The step 'User types "Steve Jobs" in the wiki search box' and 1 other step(s) are undefined.
You can implement these steps using the snippet(s) below:

@When("User types {string} in the wiki search box")
public void user_types_in_the_wiki_search_box(String string) {
    // Write code here that turns the phrase above into concrete actions
    throw new io.cucumber.java.PendingException();
}
@Then("User sees {string} is in the wiki title")
public void user_sees_is_in_the_wiki_title(String string) {
    // Write code here that turns the phrase above into concrete actions
    throw new io.cucumber.java.PendingException();
}


Wikipedia Search Functionality and verifications.Wikipedia Search Functionality Title Verification with using DDT #1  Time elapsed: 3.391 s  <<< ERROR!
io.cucumber.junit.UndefinedStepException: 
The step 'User types "Steve Jobs" in the wiki search box' and 1 other step(s) are undefined.
You can implement these steps using the snippet(s) below:

@When("User types {string} in the wiki search box")
public void user_types_in_the_wiki_search_box(String string) {
    // Write code here that turns the phrase above into concrete actions
    throw new io.cucumber.java.PendingException();
}
@Then("User sees {string} is in the wiki title")
public void user_sees_is_in_the_wiki_title(String string) {
    // Write code here that turns the phrase above into concrete actions
    throw new io.cucumber.java.PendingException();
}


Wikipedia Search Functionality and verifications.Wikipedia Search Functionality Title Verification with using DDT #2  Time elapsed: 4.112 s  <<< ERROR!
io.cucumber.junit.UndefinedStepException: 
The step 'User types "Bill Gates" in the wiki search box' and 1 other step(s) are undefined.
You can implement these steps using the snippet(s) below:

@When("User types {string} in the wiki search box")
public void user_types_in_the_wiki_search_box(String string) {
    // Write code here that turns the phrase above into concrete actions
    throw new io.cucumber.java.PendingException();
}
@Then("User sees {string} is in the wiki title")
public void user_sees_is_in_the_wiki_title(String string) {
    // Write code here that turns the phrase above into concrete actions
    throw new io.cucumber.java.PendingException();
}


Wikipedia Search Functionality and verifications.Wikipedia Search Functionality Title Verification with using DDT #3  Time elapsed: 2.715 s  <<< ERROR!
io.cucumber.junit.UndefinedStepException: 
The step 'User types "Cristiano Ronaldo" in the wiki search box' and 1 other step(s) are undefined.
You can implement these steps using the snippet(s) below:

@When("User types {string} in the wiki search box")
public void user_types_in_the_wiki_search_box(String string) {
    // Write code here that turns the phrase above into concrete actions
    throw new io.cucumber.java.PendingException();
}
@Then("User sees {string} is in the wiki title")
public void user_sees_is_in_the_wiki_title(String string) {
    // Write code here that turns the phrase above into concrete actions
    throw new io.cucumber.java.PendingException();
}


Wikipedia Search Functionality and verifications.Wikipedia Search Functionality Title Verification with using DDT #4  Time elapsed: 2.667 s  <<< ERROR!
io.cucumber.junit.UndefinedStepException: 
The step 'User types "Elon Musk" in the wiki search box' and 1 other step(s) are undefined.
You can implement these steps using the snippet(s) below:

@When("User types {string} in the wiki search box")
public void user_types_in_the_wiki_search_box(String string) {
    // Write code here that turns the phrase above into concrete actions
    throw new io.cucumber.java.PendingException();
}
@Then("User sees {string} is in the wiki title")
public void user_sees_is_in_the_wiki_title(String string) {
    // Write code here that turns the phrase above into concrete actions
    throw new io.cucumber.java.PendingException();
}


Wikipedia Search Functionality and verifications.Wikipedia Search Functionality Title Verification with using DDT #5  Time elapsed: 2.439 s  <<< ERROR!
io.cucumber.junit.UndefinedStepException: 
The step 'User types "Albert Einstein" in the wiki search box' and 1 other step(s) are undefined.
You can implement these steps using the snippet(s) below:

@When("User types {string} in the wiki search box")
public void user_types_in_the_wiki_search_box(String string) {
    // Write code here that turns the phrase above into concrete actions
    throw new io.cucumber.java.PendingException();
}
@Then("User sees {string} is in the wiki title")
public void user_sees_is_in_the_wiki_title(String string) {
    // Write code here that turns the phrase above into concrete actions
    throw new io.cucumber.java.PendingException();
}


Wikipedia Search Functionality and verifications.Wikipedia Search Functionality Title Verification with using DDT #6  Time elapsed: 2.747 s  <<< ERROR!
io.cucumber.junit.UndefinedStepException: 
The step 'User types "Chuck Norris" in the wiki search box' and 1 other step(s) are undefined.
You can implement these steps using the snippet(s) below:

@When("User types {string} in the wiki search box")
public void user_types_in_the_wiki_search_box(String string) {
    // Write code here that turns the phrase above into concrete actions
    throw new io.cucumber.java.PendingException();
}
@Then("User sees {string} is in the wiki title")
public void user_sees_is_in_the_wiki_title(String string) {
    // Write code here that turns the phrase above into concrete actions
    throw new io.cucumber.java.PendingException();
}


Wikipedia Search Functionality and verifications.Wikipedia Search Functionality Title Verification with using DDT #7  Time elapsed: 2.405 s  <<< ERROR!
io.cucumber.junit.UndefinedStepException: 
The step 'User types "Alisher Usmanov" in the wiki search box' and 1 other step(s) are undefined.
You can implement these steps using the snippet(s) below:

@When("User types {string} in the wiki search box")
public void user_types_in_the_wiki_search_box(String string) {
    // Write code here that turns the phrase above into concrete actions
    throw new io.cucumber.java.PendingException();
}
@Then("User sees {string} is in the wiki title")
public void user_sees_is_in_the_wiki_title(String string) {
    // Write code here that turns the phrase above into concrete actions
    throw new io.cucumber.java.PendingException();
}


